<?xml version="1.0" encoding="UTF-8"?>
<!-- Generated by org.testng.reporters.JUnitReportReporter -->
<testsuite hostname="BSL-BNG-L234" name="qa.testcases.Test2" tests="1" failures="0" timestamp="15 Dec 2018 10:45:38 GMT" time="0.002" errors="0">
  <testcase name="instaLoginTest" time="0.002" classname="qa.testcases.Test2"/>
</testsuite> <!-- qa.testcases.Test2 -->
